2025-06-07 15:53:41.104 [info] ComputeTargetPlatform: linux-x64
2025-06-07 22:13:30.106 [info] ComputeTargetPlatform: linux-x64
2025-06-07 22:16:30.480 [info] Getting Manifest... ms-dotnettools.vscode-dotnet-runtime
2025-06-07 22:16:31.552 [info] Installing extension: ms-dotnettools.vscode-dotnet-runtime {"isMachineScoped":false,"installPreReleaseVersion":false,"pinned":false,"profileLocation":{"$mid":1,"external":"vscode-userdata:/home/hector/.vscode-oss/extensions/extensions.json","path":"/home/hector/.vscode-oss/extensions/extensions.json","scheme":"vscode-userdata"},"isApplicationScoped":false,"productVersion":{"version":"1.100.2","date":"2025-05-21T09:36:24.436Z"}}
2025-06-07 22:16:33.048 [info] Extension signature verification result for ms-dotnettools.vscode-dotnet-runtime: UnhandledException. Internal Code: 6. Executed: true. Duration: 481ms.
2025-06-07 22:16:33.052 [error] Error while installing the extension ms-dotnettools.vscode-dotnet-runtime Signature verification failed with 'UnhandledException' error. vscode-userdata:/home/hector/.vscode-oss/extensions/extensions.json
2025-06-07 22:16:33.054 [error] [uncaught exception in sharedProcess]: Signature verification failed with 'UnhandledException' error.: SignatureVerificationInternal: Signature verification failed with 'UnhandledException' error.
    at yh.xb (file:///usr/lib/code/out/vs/code/electron-utility/sharedProcess/sharedProcessMain.js:74:64415)
    at async yh.wb (file:///usr/lib/code/out/vs/code/electron-utility/sharedProcess/sharedProcessMain.js:74:62886)
2025-06-07 22:16:39.698 [info] Getting Manifest... ms-dotnettools.vscode-dotnet-runtime
2025-06-07 22:16:40.114 [info] Installing extension: ms-dotnettools.vscode-dotnet-runtime {"isMachineScoped":false,"installPreReleaseVersion":false,"pinned":false,"donotVerifySignature":true,"profileLocation":{"$mid":1,"external":"vscode-userdata:/home/hector/.vscode-oss/extensions/extensions.json","path":"/home/hector/.vscode-oss/extensions/extensions.json","scheme":"vscode-userdata"},"isApplicationScoped":false,"productVersion":{"version":"1.100.2","date":"2025-05-21T09:36:24.436Z"}}
2025-06-07 22:16:40.725 [info] Extracted extension to file:///home/hector/.vscode-oss/extensions/ms-dotnettools.vscode-dotnet-runtime-2.3.6-universal: ms-dotnettools.vscode-dotnet-runtime
2025-06-07 22:16:40.741 [info] Renamed to /home/hector/.vscode-oss/extensions/ms-dotnettools.vscode-dotnet-runtime-2.3.6-universal
2025-06-07 22:16:40.777 [info] Extension installed successfully: ms-dotnettools.vscode-dotnet-runtime vscode-userdata:/home/hector/.vscode-oss/extensions/extensions.json
2025-06-07 22:23:33.052 [info] Getting Manifest... muhammad-sammy.csharp
2025-06-07 22:23:34.032 [info] Installing extension: muhammad-sammy.csharp {"isMachineScoped":false,"installPreReleaseVersion":false,"pinned":false,"profileLocation":{"$mid":1,"external":"vscode-userdata:/home/hector/.vscode-oss/extensions/extensions.json","path":"/home/hector/.vscode-oss/extensions/extensions.json","scheme":"vscode-userdata"},"isApplicationScoped":false,"productVersion":{"version":"1.100.2","date":"2025-05-21T09:36:24.436Z"}}
2025-06-07 22:23:34.399 [info] Getting Manifest... ms-dotnettools.vscode-dotnet-runtime
2025-06-07 22:23:52.492 [info] Extension signature verification result for muhammad-sammy.csharp: UnhandledException. Internal Code: 6. Executed: true. Duration: 430ms.
2025-06-07 22:23:52.496 [error] Error while installing the extension muhammad-sammy.csharp Signature verification failed with 'UnhandledException' error. vscode-userdata:/home/hector/.vscode-oss/extensions/extensions.json
2025-06-07 22:23:52.499 [error] [uncaught exception in sharedProcess]: Signature verification failed with 'UnhandledException' error.: SignatureVerificationInternal: Signature verification failed with 'UnhandledException' error.
    at yh.xb (file:///usr/lib/code/out/vs/code/electron-utility/sharedProcess/sharedProcessMain.js:74:64415)
    at async yh.wb (file:///usr/lib/code/out/vs/code/electron-utility/sharedProcess/sharedProcessMain.js:74:62886)
2025-06-07 22:23:57.257 [info] Getting Manifest... muhammad-sammy.csharp
2025-06-07 22:23:57.477 [info] Installing extension: muhammad-sammy.csharp {"isMachineScoped":false,"installPreReleaseVersion":false,"pinned":false,"donotVerifySignature":true,"profileLocation":{"$mid":1,"external":"vscode-userdata:/home/hector/.vscode-oss/extensions/extensions.json","path":"/home/hector/.vscode-oss/extensions/extensions.json","scheme":"vscode-userdata"},"isApplicationScoped":false,"productVersion":{"version":"1.100.2","date":"2025-05-21T09:36:24.436Z"}}
2025-06-07 22:23:57.812 [info] Getting Manifest... ms-dotnettools.vscode-dotnet-runtime
2025-06-07 22:24:24.869 [info] Extracted extension to file:///home/hector/.vscode-oss/extensions/muhammad-sammy.csharp-2.72.27-universal: muhammad-sammy.csharp
2025-06-07 22:24:24.968 [info] Renamed to /home/hector/.vscode-oss/extensions/muhammad-sammy.csharp-2.72.27-universal
2025-06-07 22:24:25.034 [info] Extension installed successfully: muhammad-sammy.csharp vscode-userdata:/home/hector/.vscode-oss/extensions/extensions.json
