2025-06-07 22:44:36.738 [info] Latency measurements for local backend
window<->ptyhost (message port): 3.00ms
window<->ptyhostservice<->ptyhost: 12.70ms
ptyhostservice<->ptyhost: 3.55ms []
2025-06-07 22:45:11.960 [info] Latency measurements for local backend
window<->ptyhost (message port): 1.80ms
window<->ptyhostservice<->ptyhost: 25.20ms
ptyhostservice<->ptyhost: 3.42ms []
2025-06-07 22:49:41.691 [info] Latency measurements for local backend
window<->ptyhost (message port): 0.80ms
window<->ptyhostservice<->ptyhost: 2.50ms
ptyhostservice<->ptyhost: 1.14ms []
2025-06-07 22:50:05.128 [error] Exception occurred during xterm disposal [{}]
2025-06-07 22:50:18.567 [info] Latency measurements for local backend
window<->ptyhost (message port): 9.00ms
window<->ptyhostservice<->ptyhost: 4.60ms
ptyhostservice<->ptyhost: 1.60ms []
2025-06-07 22:50:44.097 [info] Latency measurements for local backend
window<->ptyhost (message port): 1.10ms
window<->ptyhostservice<->ptyhost: 2.60ms
ptyhostservice<->ptyhost: 1.00ms []
