2025-06-07 22:24:26.110 [info] Installing C# dependencies...
2025-06-07 22:24:26.110 [info] 

2025-06-07 22:24:26.110 [info] Platform: linux, x86_64, name=arch, version=unknown

2025-06-07 22:24:26.110 [info] 

2025-06-07 22:24:26.110 [info] Downloading package 'OmniSharp for Linux (.NET 6 / x64)' 
2025-06-07 22:24:27.447 [info] (48238 KB)
2025-06-07 22:24:27.447 [info] .
2025-06-07 22:24:28.941 [info] 
2025-06-07 22:24:29.757 [info] 
2025-06-07 22:24:30.776 [info] 
2025-06-07 22:24:31.397 [info] 
2025-06-07 22:24:32.212 [info] .
2025-06-07 22:24:32.829 [info] 
2025-06-07 22:24:33.451 [info] 
2025-06-07 22:24:34.266 [info] 
2025-06-07 22:24:37.439 [info] 
2025-06-07 22:24:38.869 [info] .
2025-06-07 22:24:40.202 [info] 
2025-06-07 22:24:41.431 [info] 
2025-06-07 22:24:42.969 [info] 
2025-06-07 22:24:44.198 [info] 
2025-06-07 22:24:45.524 [info] .
2025-06-07 22:24:47.270 [info] 
2025-06-07 22:24:48.803 [info] 
2025-06-07 22:24:50.027 [info] 
2025-06-07 22:24:51.257 [info] 
2025-06-07 22:24:52.587 [info] .
2025-06-07 22:24:53.816 [info] 
2025-06-07 22:24:54.844 [info] 
2025-06-07 22:24:56.379 [info] 
2025-06-07 22:24:57.708 [info] 
2025-06-07 22:24:58.942 [info] .
2025-06-07 22:25:00.473 [info] 
2025-06-07 22:25:01.806 [info] 
2025-06-07 22:25:03.576 [info] 
2025-06-07 22:25:05.803 [info] 
2025-06-07 22:25:08.561 [info] .
2025-06-07 22:25:10.816 [info] 
2025-06-07 22:25:12.657 [info] 
2025-06-07 22:25:13.688 [info] 
2025-06-07 22:25:14.696 [info] 
2025-06-07 22:25:15.529 [info] .
2025-06-07 22:25:16.344 [info] 
2025-06-07 22:25:16.963 [info] 
2025-06-07 22:25:17.782 [info] 
2025-06-07 22:25:18.406 [info] 
2025-06-07 22:25:19.218 [info] .
2025-06-07 22:25:19.828 [info] 
2025-06-07 22:25:20.446 [info] 
2025-06-07 22:25:21.675 [info] 
2025-06-07 22:25:22.492 [info] 
2025-06-07 22:25:23.311 [info] .
2025-06-07 22:25:24.135 [info] 
2025-06-07 22:25:24.945 [info] 
2025-06-07 22:25:25.768 [info] 
2025-06-07 22:25:26.363 [info] 
2025-06-07 22:25:27.209 [info] .
2025-06-07 22:25:28.022 [info] 
2025-06-07 22:25:29.046 [info] 
2025-06-07 22:25:29.866 [info] 
2025-06-07 22:25:30.687 [info] 
2025-06-07 22:25:31.813 [info] .
2025-06-07 22:25:32.626 [info] 
2025-06-07 22:25:33.446 [info] 
2025-06-07 22:25:34.265 [info] 
2025-06-07 22:25:35.089 [info] 
2025-06-07 22:25:36.621 [info] .
2025-06-07 22:25:37.444 [info] 
2025-06-07 22:25:38.270 [info] 
2025-06-07 22:25:39.189 [info] 
2025-06-07 22:25:40.310 [info] 
2025-06-07 22:25:41.060 [info] .
2025-06-07 22:25:41.948 [info] 
2025-06-07 22:25:42.772 [info] 
2025-06-07 22:25:43.878 [info] 
2025-06-07 22:25:44.720 [info] 
2025-06-07 22:25:45.531 [info] .
2025-06-07 22:25:46.358 [info] 
2025-06-07 22:25:47.275 [info] 
2025-06-07 22:25:48.099 [info] 
2025-06-07 22:25:48.913 [info] 
2025-06-07 22:25:49.833 [info] .
2025-06-07 22:25:50.553 [info] 
2025-06-07 22:25:51.580 [info] 
2025-06-07 22:25:52.396 [info] 
2025-06-07 22:25:53.025 [info] 
2025-06-07 22:25:53.939 [info] .
2025-06-07 22:25:54.555 [info] 
2025-06-07 22:25:55.364 [info] 
2025-06-07 22:25:56.091 [info] 
2025-06-07 22:25:57.016 [info] 
2025-06-07 22:25:57.936 [info] .
2025-06-07 22:25:59.129 [info] 
2025-06-07 22:26:00.701 [info] 
2025-06-07 22:26:02.242 [info] 
2025-06-07 22:26:03.557 [info] 
2025-06-07 22:26:05.087 [info] .
2025-06-07 22:26:06.525 [info] 
2025-06-07 22:26:08.571 [info] 
2025-06-07 22:26:10.006 [info] 
2025-06-07 22:26:11.471 [info] 
2025-06-07 22:26:12.974 [info] .
2025-06-07 22:26:14.206 [info] 
2025-06-07 22:26:15.147 [info] 
2025-06-07 22:26:16.225 [info] 
2025-06-07 22:26:17.380 [info] 
2025-06-07 22:26:18.703 [info]  Done!

2025-06-07 22:26:18.863 [info] Validating download...

2025-06-07 22:26:18.863 [info] Integrity Check succeeded.

2025-06-07 22:26:18.863 [info] Installing package 'OmniSharp for Linux (.NET 6 / x64)'

2025-06-07 22:26:18.863 [info] 

2025-06-07 22:26:20.457 [info] Downloading package '.NET Core Debugger (linux / x64)' 
2025-06-07 22:26:21.563 [info] (3489 KB)
2025-06-07 22:26:21.563 [info] .
2025-06-07 22:26:21.579 [info] 
2025-06-07 22:26:21.584 [info] 
2025-06-07 22:26:21.589 [info] 
2025-06-07 22:26:21.592 [info] 
2025-06-07 22:26:21.598 [info] .
2025-06-07 22:26:21.602 [info] 
2025-06-07 22:26:21.606 [info] 
2025-06-07 22:26:21.611 [info] 
2025-06-07 22:26:21.612 [info] 
2025-06-07 22:26:21.614 [info] .
2025-06-07 22:26:21.619 [info] 
2025-06-07 22:26:21.623 [info] 
2025-06-07 22:26:21.625 [info] 
2025-06-07 22:26:21.628 [info] 
2025-06-07 22:26:21.630 [info] .
2025-06-07 22:26:21.635 [info] 
2025-06-07 22:26:21.636 [info] 
2025-06-07 22:26:21.639 [info] 
2025-06-07 22:26:21.641 [info] 
2025-06-07 22:26:21.645 [info] .
2025-06-07 22:26:21.645 [info] 
2025-06-07 22:26:21.655 [info] 
2025-06-07 22:26:21.658 [info] 
2025-06-07 22:26:21.660 [info] 
2025-06-07 22:26:21.702 [info] .
2025-06-07 22:26:21.703 [info] 
2025-06-07 22:26:21.703 [info] 
2025-06-07 22:26:21.711 [info] 
2025-06-07 22:26:21.714 [info] 
2025-06-07 22:26:21.714 [info] .
2025-06-07 22:26:21.714 [info] 
2025-06-07 22:26:21.714 [info] 
2025-06-07 22:26:21.719 [info] 
2025-06-07 22:26:21.719 [info] 
2025-06-07 22:26:21.720 [info] .
2025-06-07 22:26:21.720 [info] 
2025-06-07 22:26:21.720 [info] 
2025-06-07 22:26:21.720 [info] 
2025-06-07 22:26:21.720 [info] 
2025-06-07 22:26:21.721 [info] .
2025-06-07 22:26:21.721 [info] 
2025-06-07 22:26:21.721 [info] 
2025-06-07 22:26:21.722 [info] 
2025-06-07 22:26:21.727 [info] 
2025-06-07 22:26:21.728 [info] .
2025-06-07 22:26:21.733 [info] 
2025-06-07 22:26:21.735 [info] 
2025-06-07 22:26:21.738 [info] 
2025-06-07 22:26:21.741 [info] 
2025-06-07 22:26:21.744 [info] .
2025-06-07 22:26:21.763 [info] 
2025-06-07 22:26:21.765 [info] 
2025-06-07 22:26:21.765 [info] 
2025-06-07 22:26:21.766 [info] 
2025-06-07 22:26:21.766 [info] .
2025-06-07 22:26:21.766 [info] 
2025-06-07 22:26:21.767 [info] 
2025-06-07 22:26:21.767 [info] 
2025-06-07 22:26:21.767 [info] 
2025-06-07 22:26:21.768 [info] .
2025-06-07 22:26:21.773 [info] 
2025-06-07 22:26:21.777 [info] 
2025-06-07 22:26:21.780 [info] 
2025-06-07 22:26:21.782 [info] 
2025-06-07 22:26:21.785 [info] .
2025-06-07 22:26:21.788 [info] 
2025-06-07 22:26:21.791 [info] 
2025-06-07 22:26:21.794 [info] 
2025-06-07 22:26:21.797 [info] 
2025-06-07 22:26:21.799 [info] .
2025-06-07 22:26:21.802 [info] 
2025-06-07 22:26:21.806 [info] 
2025-06-07 22:26:21.809 [info] 
2025-06-07 22:26:21.811 [info] 
2025-06-07 22:26:21.813 [info] .
2025-06-07 22:26:21.816 [info] 
2025-06-07 22:26:21.819 [info] 
2025-06-07 22:26:21.823 [info] 
2025-06-07 22:26:21.826 [info] 
2025-06-07 22:26:21.829 [info] .
2025-06-07 22:26:21.829 [info] 
2025-06-07 22:26:21.832 [info] 
2025-06-07 22:26:21.837 [info] 
2025-06-07 22:26:21.838 [info] 
2025-06-07 22:26:21.842 [info] .
2025-06-07 22:26:21.863 [info] 
2025-06-07 22:26:21.863 [info] 
2025-06-07 22:26:21.863 [info] 
2025-06-07 22:26:21.863 [info] 
2025-06-07 22:26:21.863 [info] .
2025-06-07 22:26:21.864 [info] 
2025-06-07 22:26:21.865 [info] 
2025-06-07 22:26:21.867 [info] 
2025-06-07 22:26:21.873 [info] 
2025-06-07 22:26:21.876 [info] .
2025-06-07 22:26:21.883 [info] 
2025-06-07 22:26:21.899 [info] 
2025-06-07 22:26:21.899 [info] 
2025-06-07 22:26:21.899 [info] 
2025-06-07 22:26:21.904 [info]  Done!

2025-06-07 22:26:21.905 [info] Installing package '.NET Core Debugger (linux / x64)'

2025-06-07 22:26:21.905 [info] 

2025-06-07 22:26:22.041 [info] Finished

2025-06-07 22:26:22.041 [info] 

2025-06-07 22:26:22.065 [info] Installing Razor OmniSharp Version = 7.0.0-preview.23363.1...
2025-06-07 22:26:22.065 [info] 

2025-06-07 22:26:22.065 [info] Platform: linux, x86_64, name=arch, version=unknown

2025-06-07 22:26:22.065 [info] 

2025-06-07 22:26:22.070 [info] Downloading package 'Razor Language Server for OmniSharp (Linux / x64)' 
2025-06-07 22:26:22.806 [info] (73248 KB)
2025-06-07 22:26:22.807 [info] .
2025-06-07 22:26:22.889 [info] 
2025-06-07 22:26:22.948 [info] 
2025-06-07 22:26:22.956 [info] 
2025-06-07 22:26:23.019 [info] 
2025-06-07 22:26:23.028 [info] .
2025-06-07 22:26:23.096 [info] 
2025-06-07 22:26:23.132 [info] 
2025-06-07 22:26:23.146 [info] 
2025-06-07 22:26:23.166 [info] 
2025-06-07 22:26:23.230 [info] .
2025-06-07 22:26:23.246 [info] 
2025-06-07 22:26:23.298 [info] 
2025-06-07 22:26:23.302 [info] 
2025-06-07 22:26:23.353 [info] 
2025-06-07 22:26:23.361 [info] .
2025-06-07 22:26:23.403 [info] 
2025-06-07 22:26:23.442 [info] 
2025-06-07 22:26:23.505 [info] 
2025-06-07 22:26:23.547 [info] 
2025-06-07 22:26:23.590 [info] .
2025-06-07 22:26:23.629 [info] 
2025-06-07 22:26:23.661 [info] 
2025-06-07 22:26:23.713 [info] 
2025-06-07 22:26:23.757 [info] 
2025-06-07 22:26:23.771 [info] .
2025-06-07 22:26:23.815 [info] 
2025-06-07 22:26:23.849 [info] 
2025-06-07 22:26:23.877 [info] 
2025-06-07 22:26:23.889 [info] 
2025-06-07 22:26:23.913 [info] .
2025-06-07 22:26:23.985 [info] 
2025-06-07 22:26:24.014 [info] 
2025-06-07 22:26:24.043 [info] 
2025-06-07 22:26:24.067 [info] 
2025-06-07 22:26:24.121 [info] .
2025-06-07 22:26:24.126 [info] 
2025-06-07 22:26:24.152 [info] 
2025-06-07 22:26:24.180 [info] 
2025-06-07 22:26:24.230 [info] 
2025-06-07 22:26:24.235 [info] .
2025-06-07 22:26:24.281 [info] 
2025-06-07 22:26:24.323 [info] 
2025-06-07 22:26:24.351 [info] 
2025-06-07 22:26:24.428 [info] 
2025-06-07 22:26:24.432 [info] .
2025-06-07 22:26:24.460 [info] 
2025-06-07 22:26:24.466 [info] 
2025-06-07 22:26:24.476 [info] 
2025-06-07 22:26:24.580 [info] 
2025-06-07 22:26:24.608 [info] .
2025-06-07 22:26:24.638 [info] 
2025-06-07 22:26:24.676 [info] 
2025-06-07 22:26:24.680 [info] 
2025-06-07 22:26:24.758 [info] 
2025-06-07 22:26:24.775 [info] .
2025-06-07 22:26:24.779 [info] 
2025-06-07 22:26:24.796 [info] 
2025-06-07 22:26:24.831 [info] 
2025-06-07 22:26:24.918 [info] 
2025-06-07 22:26:24.965 [info] .
2025-06-07 22:26:24.969 [info] 
2025-06-07 22:26:25.092 [info] 
2025-06-07 22:26:25.096 [info] 
2025-06-07 22:26:25.169 [info] 
2025-06-07 22:26:25.174 [info] .
2025-06-07 22:26:25.182 [info] 
2025-06-07 22:26:25.199 [info] 
2025-06-07 22:26:25.261 [info] 
2025-06-07 22:26:25.367 [info] 
2025-06-07 22:26:25.399 [info] .
2025-06-07 22:26:25.437 [info] 
2025-06-07 22:26:25.538 [info] 
2025-06-07 22:26:25.541 [info] 
2025-06-07 22:26:25.554 [info] 
2025-06-07 22:26:25.602 [info] .
2025-06-07 22:26:25.659 [info] 
2025-06-07 22:26:25.732 [info] 
2025-06-07 22:26:25.775 [info] 
2025-06-07 22:26:25.823 [info] 
2025-06-07 22:26:25.861 [info] .
2025-06-07 22:26:25.900 [info] 
2025-06-07 22:26:25.909 [info] 
2025-06-07 22:26:25.957 [info] 
2025-06-07 22:26:26.002 [info] 
2025-06-07 22:26:26.047 [info] .
2025-06-07 22:26:26.101 [info] 
2025-06-07 22:26:26.225 [info] 
2025-06-07 22:26:26.259 [info] 
2025-06-07 22:26:26.275 [info] 
2025-06-07 22:26:26.347 [info] .
2025-06-07 22:26:26.355 [info] 
2025-06-07 22:26:26.390 [info] 
2025-06-07 22:26:26.465 [info] 
2025-06-07 22:26:26.554 [info] 
2025-06-07 22:26:26.580 [info] .
2025-06-07 22:26:26.695 [info] 
2025-06-07 22:26:26.754 [info] 
2025-06-07 22:26:26.772 [info] 
2025-06-07 22:26:26.820 [info] 
2025-06-07 22:26:26.924 [info]  Done!

2025-06-07 22:26:26.925 [info] Installing package 'Razor Language Server for OmniSharp (Linux / x64)'

2025-06-07 22:26:26.925 [info] 

2025-06-07 22:26:29.839 [info] Finished

2025-06-07 22:26:29.839 [info] 

